<?xml version="1.0" encoding="UTF-8"?>
<testsuite name="com.arko.accounting.journal.controller.JournalEntryControllerTest" tests="4" skipped="0" failures="0" errors="0" timestamp="2025-12-20T23:39:51.549Z" hostname="Mac.fritz.box" time="0.306">
  <properties/>
  <testcase name="create should return 200 when request is valid()" classname="com.arko.accounting.journal.controller.JournalEntryControllerTest" time="0.173"/>
  <testcase name="create should return 400 when header is missing()" classname="com.arko.accounting.journal.controller.JournalEntryControllerTest" time="0.004"/>
  <testcase name="create should return 400 when lines are empty()" classname="com.arko.accounting.journal.controller.JournalEntryControllerTest" time="0.122"/>
  <testcase name="create should return 400 when date is null()" classname="com.arko.accounting.journal.controller.JournalEntryControllerTest" time="0.004"/>
  <system-out><![CDATA[
  .   ____          _            __ _ _
 /\\ / ___'_ __ _ _(_)_ __  __ _ \ \ \ \
( ( )\___ | '_ | '_| | '_ \/ _` | \ \ \ \
 \\/  ___)| |_)| | | | | || (_| |  ) ) ) )
  '  |____| .__|_| |_|_| |_\__, | / / / /
 =========|_|==============|___/=/_/_/_/
 :: Spring Boot ::               (v3.2.11)

2025-12-21T00:39:50.486+01:00  INFO 51073 --- [demo_Rest_API_Project_SpringBoot_Test] [    Test worker] c.a.a.j.c.JournalEntryControllerTest     : Starting JournalEntryControllerTest using Java 17.0.16 with PID 51073 (started by shadman.arko in /Users/shadman.arko/Documents/Work (Do not touch)/demo_Rest_API_Project_SpringBoot)
2025-12-21T00:39:50.487+01:00  INFO 51073 --- [demo_Rest_API_Project_SpringBoot_Test] [    Test worker] c.a.a.j.c.JournalEntryControllerTest     : The following 1 profile is active: "test"
2025-12-21T00:39:51.512+01:00  INFO 51073 --- [demo_Rest_API_Project_SpringBoot_Test] [    Test worker] o.s.s.web.DefaultSecurityFilterChain     : Will secure any request with [org.springframework.security.web.session.DisableEncodeUrlFilter@141dfcf9, org.springframework.security.web.context.request.async.WebAsyncManagerIntegrationFilter@a7bbdbc, org.springframework.security.web.context.SecurityContextHolderFilter@7598d675, org.springframework.security.web.header.HeaderWriterFilter@31f1b268, org.springframework.security.web.csrf.CsrfFilter@1c53bd49, org.springframework.security.web.authentication.logout.LogoutFilter@55682482, org.springframework.security.web.authentication.UsernamePasswordAuthenticationFilter@2374452a, org.springframework.security.web.authentication.ui.DefaultLoginPageGeneratingFilter@fd69983, org.springframework.security.web.authentication.ui.DefaultLogoutPageGeneratingFilter@63eea8c4, org.springframework.security.web.authentication.www.BasicAuthenticationFilter@e3c36d, org.springframework.security.web.savedrequest.RequestCacheAwareFilter@4ae958b0, org.springframework.security.web.servletapi.SecurityContextHolderAwareRequestFilter@4ff074a0, org.springframework.security.web.authentication.AnonymousAuthenticationFilter@19924f15, org.springframework.security.web.access.ExceptionTranslationFilter@2a2798a2, org.springframework.security.web.access.intercept.AuthorizationFilter@186f7434]
2025-12-21T00:39:51.531+01:00  INFO 51073 --- [demo_Rest_API_Project_SpringBoot_Test] [    Test worker] o.s.b.t.m.w.SpringBootMockServletContext : Initializing Spring TestDispatcherServlet ''
2025-12-21T00:39:51.532+01:00  INFO 51073 --- [demo_Rest_API_Project_SpringBoot_Test] [    Test worker] o.s.t.web.servlet.TestDispatcherServlet  : Initializing Servlet ''
2025-12-21T00:39:51.532+01:00  INFO 51073 --- [demo_Rest_API_Project_SpringBoot_Test] [    Test worker] o.s.t.web.servlet.TestDispatcherServlet  : Completed initialization in 0 ms
2025-12-21T00:39:51.544+01:00  INFO 51073 --- [demo_Rest_API_Project_SpringBoot_Test] [    Test worker] c.a.a.j.c.JournalEntryControllerTest     : Started JournalEntryControllerTest in 1.266 seconds (process running for 1.704)
2025-12-21T00:39:51.726+01:00  WARN 51073 --- [demo_Rest_API_Project_SpringBoot_Test] [    Test worker] .w.s.m.s.DefaultHandlerExceptionResolver : Resolved [org.springframework.web.bind.MissingRequestHeaderException: Required request header 'X-Company-ID' for method parameter type UUID is not present]
2025-12-21T00:39:51.849+01:00  WARN 51073 --- [demo_Rest_API_Project_SpringBoot_Test] [    Test worker] .w.s.m.s.DefaultHandlerExceptionResolver : Resolved [org.springframework.web.bind.MethodArgumentNotValidException: Validation failed for argument [0] in public org.springframework.http.ResponseEntity<com.arko.accounting.journal.dto.JournalEntryDto> com.arko.accounting.journal.controller.JournalEntryController.create(com.arko.accounting.journal.dto.CreateJournalEntryRequest,java.util.UUID): [Field error in object 'createJournalEntryRequest' on field 'lines': rejected value [[]]; codes [NotEmpty.createJournalEntryRequest.lines,NotEmpty.lines,NotEmpty.java.util.List,NotEmpty]; arguments [org.springframework.context.support.DefaultMessageSourceResolvable: codes [createJournalEntryRequest.lines,lines]; arguments []; default message [lines]]; default message [must not be empty]] ]
2025-12-21T00:39:51.854+01:00  WARN 51073 --- [demo_Rest_API_Project_SpringBoot_Test] [    Test worker] .w.s.m.s.DefaultHandlerExceptionResolver : Resolved [org.springframework.http.converter.HttpMessageNotReadableException: JSON parse error: Instantiation of [simple type, class com.arko.accounting.journal.dto.CreateJournalEntryRequest] value failed for JSON property date due to missing (therefore NULL) value for creator parameter date which is a non-nullable type]
]]></system-out>
  <system-err><![CDATA[]]></system-err>
</testsuite>
