<?xml version="1.0" encoding="UTF-8"?>
<testsuite name="com.arko.accounting.journal.controller.JournalEntryControllerTest" tests="4" skipped="0" failures="0" errors="0" timestamp="2025-12-20T18:02:53.300Z" hostname="Mac.fritz.box" time="0.377">
  <properties/>
  <testcase name="create should return 200 when request is valid()" classname="com.arko.accounting.journal.controller.JournalEntryControllerTest" time="0.219"/>
  <testcase name="create should return 400 when header is missing()" classname="com.arko.accounting.journal.controller.JournalEntryControllerTest" time="0.005"/>
  <testcase name="create should return 400 when lines are empty()" classname="com.arko.accounting.journal.controller.JournalEntryControllerTest" time="0.145"/>
  <testcase name="create should return 400 when date is null()" classname="com.arko.accounting.journal.controller.JournalEntryControllerTest" time="0.005"/>
  <system-out><![CDATA[
  .   ____          _            __ _ _
 /\\ / ___'_ __ _ _(_)_ __  __ _ \ \ \ \
( ( )\___ | '_ | '_| | '_ \/ _` | \ \ \ \
 \\/  ___)| |_)| | | | | || (_| |  ) ) ) )
  '  |____| .__|_| |_|_| |_\__, | / / / /
 =========|_|==============|___/=/_/_/_/
 :: Spring Boot ::               (v3.2.11)

2025-12-20T19:02:52.183+01:00  INFO 39940 --- [demo_Rest_API_Project_SpringBoot_Test] [    Test worker] c.a.a.j.c.JournalEntryControllerTest     : Starting JournalEntryControllerTest using Java 17.0.16 with PID 39940 (started by shadman.arko in /Users/shadman.arko/Documents/Work (Do not touch)/demo_Rest_API_Project_SpringBoot)
2025-12-20T19:02:52.184+01:00  INFO 39940 --- [demo_Rest_API_Project_SpringBoot_Test] [    Test worker] c.a.a.j.c.JournalEntryControllerTest     : The following 1 profile is active: "test"
2025-12-20T19:02:53.252+01:00  INFO 39940 --- [demo_Rest_API_Project_SpringBoot_Test] [    Test worker] o.s.s.web.DefaultSecurityFilterChain     : Will secure any request with [org.springframework.security.web.session.DisableEncodeUrlFilter@4ffa078d, org.springframework.security.web.context.request.async.WebAsyncManagerIntegrationFilter@4e26564d, org.springframework.security.web.context.SecurityContextHolderFilter@3e2c8ef, org.springframework.security.web.header.HeaderWriterFilter@507f47f9, org.springframework.security.web.csrf.CsrfFilter@5ad40184, org.springframework.security.web.authentication.logout.LogoutFilter@1df06ecd, org.springframework.security.web.authentication.UsernamePasswordAuthenticationFilter@55682482, org.springframework.security.web.authentication.ui.DefaultLoginPageGeneratingFilter@2833c093, org.springframework.security.web.authentication.ui.DefaultLogoutPageGeneratingFilter@42238078, org.springframework.security.web.authentication.www.BasicAuthenticationFilter@2374452a, org.springframework.security.web.savedrequest.RequestCacheAwareFilter@60bc308b, org.springframework.security.web.servletapi.SecurityContextHolderAwareRequestFilter@43f99817, org.springframework.security.web.authentication.AnonymousAuthenticationFilter@5627b8eb, org.springframework.security.web.access.ExceptionTranslationFilter@2b3b1124, org.springframework.security.web.access.intercept.AuthorizationFilter@46de118b]
2025-12-20T19:02:53.278+01:00  INFO 39940 --- [demo_Rest_API_Project_SpringBoot_Test] [    Test worker] o.s.b.t.m.w.SpringBootMockServletContext : Initializing Spring TestDispatcherServlet ''
2025-12-20T19:02:53.278+01:00  INFO 39940 --- [demo_Rest_API_Project_SpringBoot_Test] [    Test worker] o.s.t.web.servlet.TestDispatcherServlet  : Initializing Servlet ''
2025-12-20T19:02:53.279+01:00  INFO 39940 --- [demo_Rest_API_Project_SpringBoot_Test] [    Test worker] o.s.t.web.servlet.TestDispatcherServlet  : Completed initialization in 1 ms
2025-12-20T19:02:53.295+01:00  INFO 39940 --- [demo_Rest_API_Project_SpringBoot_Test] [    Test worker] c.a.a.j.c.JournalEntryControllerTest     : Started JournalEntryControllerTest in 1.281 seconds (process running for 1.691)
2025-12-20T19:02:53.524+01:00  WARN 39940 --- [demo_Rest_API_Project_SpringBoot_Test] [    Test worker] .w.s.m.s.DefaultHandlerExceptionResolver : Resolved [org.springframework.web.bind.MissingRequestHeaderException: Required request header 'X-Company-ID' for method parameter type UUID is not present]
2025-12-20T19:02:53.670+01:00  WARN 39940 --- [demo_Rest_API_Project_SpringBoot_Test] [    Test worker] .w.s.m.s.DefaultHandlerExceptionResolver : Resolved [org.springframework.web.bind.MethodArgumentNotValidException: Validation failed for argument [0] in public org.springframework.http.ResponseEntity<com.arko.accounting.journal.dto.JournalEntryDto> com.arko.accounting.journal.controller.JournalEntryController.create(com.arko.accounting.journal.dto.CreateJournalEntryRequest,java.util.UUID): [Field error in object 'createJournalEntryRequest' on field 'lines': rejected value [[]]; codes [NotEmpty.createJournalEntryRequest.lines,NotEmpty.lines,NotEmpty.java.util.List,NotEmpty]; arguments [org.springframework.context.support.DefaultMessageSourceResolvable: codes [createJournalEntryRequest.lines,lines]; arguments []; default message [lines]]; default message [must not be empty]] ]
2025-12-20T19:02:53.676+01:00  WARN 39940 --- [demo_Rest_API_Project_SpringBoot_Test] [    Test worker] .w.s.m.s.DefaultHandlerExceptionResolver : Resolved [org.springframework.http.converter.HttpMessageNotReadableException: JSON parse error: Instantiation of [simple type, class com.arko.accounting.journal.dto.CreateJournalEntryRequest] value failed for JSON property date due to missing (therefore NULL) value for creator parameter date which is a non-nullable type]
]]></system-out>
  <system-err><![CDATA[]]></system-err>
</testsuite>
