<?xml version="1.0" encoding="UTF-8"?>
<testsuite name="com.arko.accounting.reports.service.FinancialReportServiceTest" tests="2" skipped="0" failures="0" errors="0" timestamp="2025-12-20T23:39:51.858Z" hostname="Mac.fritz.box" time="0.09">
  <properties/>
  <testcase name="generateBalanceSheet should calculate correctly()" classname="com.arko.accounting.reports.service.FinancialReportServiceTest" time="0.087"/>
  <testcase name="generateBalanceSheet should not crash with empty data()" classname="com.arko.accounting.reports.service.FinancialReportServiceTest" time="0.003"/>
  <system-out><![CDATA[]]></system-out>
  <system-err><![CDATA[]]></system-err>
</testsuite>
